[    0.000000] Linux version 4.15.0-212-generic (buildd@lcy02-amd64-083) (gcc version 7.5.0 (Ubuntu 7.5.0-3ubuntu1~18.04)) #223-Ubuntu SMP Tue May 23 13:09:22 UTC 2023 (Ubuntu 4.15.0-212.223-generic 4.15.18)
[    0.000000] Command line: BOOT_IMAGE=/boot/vmlinuz-4.15.0-212-generic root=LABEL=cloudimg-rootfs ro console=tty1 console=ttyS0
[    0.000000] KERNEL supported cpus:
[    0.000000]   Intel GenuineIntel
[    0.000000]   AMD AuthenticAMD
[    0.000000]   Centaur CentaurHauls
[    0.000000] x86/fpu: x87 FPU will use FXSAVE
[    0.000000] e820: BIOS-provided physical RAM map:
[    0.000000] BIOS-e820: [mem 0x0000000000000000-0x000000000009fbff] usable
[    0.000000] BIOS-e820: [mem 0x000000000009fc00-0x000000000009ffff] reserved
[    0.000000] BIOS-e820: [mem 0x00000000000f0000-0x00000000000fffff] reserved
[    0.000000] BIOS-e820: [mem 0x0000000000100000-0x000000003ffeffff] usable
[    0.000000] BIOS-e820: [mem 0x000000003fff0000-0x000000003fffffff] ACPI data
[    0.000000] BIOS-e820: [mem 0x00000000fec00000-0x00000000fec00fff] reserved
[    0.000000] BIOS-e820: [mem 0x00000000fee00000-0x00000000fee00fff] reserved
[    0.000000] BIOS-e820: [mem 0x00000000fffc0000-0x00000000ffffffff] reserved
[    0.000000] NX (Execute Disable) protection: active
[    0.000000] SMBIOS 2.5 present.
[    0.000000] DMI: innotek GmbH VirtualBox/VirtualBox, BIOS VirtualBox 12/01/2006
[    0.000000] Hypervisor detected: KVM
[    0.000000] e820: last_pfn = 0x3fff0 max_arch_pfn = 0x400000000
[    0.000000] x86/PAT: Configuration [0-7]: WB  WC  UC- UC  WB  WP  UC- WT  
[    0.000000] CPU MTRRs all blank - virtualized system.
[    0.000000] found SMP MP-table at [mem 0x0009fbf0-0x0009fbff]
[    0.000000] Scanning 1 areas for low memory corruption
[    0.000000] RAMDISK: [mem 0x359cb000-0x36cdcfff]
[    0.000000] ACPI: Early table checksum verification disabled
[    0.000000] ACPI: RSDP 0x00000000000E0000 000024 (v02 VBOX  )
[    0.000000] ACPI: XSDT 0x000000003FFF0030 00003C (v01 VBOX   VBOXXSDT 00000001 ASL  00000061)
[    0.000000] ACPI: FACP 0x000000003FFF00F0 0000F4 (v04 VBOX   VBOXFACP 00000001 ASL  00000061)
[    0.000000] ACPI: DSDT 0x000000003FFF0610 002353 (v02 VBOX   VBOXBIOS 00000002 INTL 20100528)
[    0.000000] ACPI: FACS 0x000000003FFF0200 000040
[    0.000000] ACPI: FACS 0x000000003FFF0200 000040
[    0.000000] ACPI: APIC 0x000000003FFF0240 00005C (v02 VBOX   VBOXAPIC 00000001 ASL  00000061)
[    0.000000] ACPI: SSDT 0x000000003FFF02A0 00036C (v01 VBOX   VBOXCPUT 00000002 INTL 20100528)
[    0.000000] ACPI: Reserving FACP table memory at [mem 0x3fff00f0-0x3fff01e3]
[    0.000000] ACPI: Reserving DSDT table memory at [mem 0x3fff0610-0x3fff2962]
[    0.000000] ACPI: Reserving FACS table memory at [mem 0x3fff0200-0x3fff023f]
[    0.000000] ACPI: Reserving FACS table memory at [mem 0x3fff0200-0x3fff023f]
[    0.000000] ACPI: Reserving APIC table memory at [mem 0x3fff0240-0x3fff029b]
[    0.000000] ACPI: Reserving SSDT table memory at [mem 0x3fff02a0-0x3fff060b]
[    0.000000] No NUMA configuration found
[    0.000000] Faking a node at [mem 0x0000000000000000-0x000000003ffeffff]
[    0.000000] NODE_DATA(0) allocated [mem 0x3ffc5000-0x3ffeffff]
[    0.000000] kvm-clock: cpu 0, msr 0:3ff44001, primary cpu clock
[    0.000000] kvm-clock: Using msrs 4b564d01 and 4b564d00
[    0.000000] kvm-clock: using sched offset of 3832487669 cycles
[    0.000000] clocksource: kvm-clock: mask: 0xffffffffffffffff max_cycles: 0x1cd42e4dffb, max_idle_ns: 881590591483 ns
[    0.000000] Zone ranges:
[    0.000000]   DMA      [mem 0x0000000000001000-0x0000000000ffffff]
[    0.000000]   DMA32    [mem 0x0000000001000000-0x000000003ffeffff]
[    0.000000]   Normal   empty
[    0.000000]   Device   empty
[    0.000000] Movable zone start for each node
[    0.000000] Early memory node ranges
[    0.000000]   node   0: [mem 0x0000000000001000-0x000000000009efff]
[    0.000000]   node   0: [mem 0x0000000000100000-0x000000003ffeffff]
[    0.000000] Reserved but unavailable: 104 pages
[    0.000000] Initmem setup node 0 [mem 0x0000000000001000-0x000000003ffeffff]
[    0.000000] ACPI: PM-Timer IO Port: 0x4008
[    0.000000] IOAPIC[0]: apic_id 2, version 32, address 0xfec00000, GSI 0-23
[    0.000000] ACPI: INT_SRC_OVR (bus 0 bus_irq 0 global_irq 2 dfl dfl)
[    0.000000] ACPI: INT_SRC_OVR (bus 0 bus_irq 9 global_irq 9 low level)
[    0.000000] Using ACPI (MADT) for SMP configuration information
[    0.000000] smpboot: Allowing 2 CPUs, 0 hotplug CPUs
[    0.000000] PM: Registered nosave memory: [mem 0x00000000-0x00000fff]
[    0.000000] PM: Registered nosave memory: [mem 0x0009f000-0x0009ffff]
[    0.000000] PM: Registered nosave memory: [mem 0x000a0000-0x000effff]
[    0.000000] PM: Registered nosave memory: [mem 0x000f0000-0x000fffff]
[    0.000000] e820: [mem 0x40000000-0xfebfffff] available for PCI devices
[    0.000000] Booting paravirtualized kernel on KVM
[    0.000000] clocksource: refined-jiffies: mask: 0xffffffff max_cycles: 0xffffffff, max_idle_ns: 7645519600211568 ns
[    0.000000] setup_percpu: NR_CPUS:8192 nr_cpumask_bits:2 nr_cpu_ids:2 nr_node_ids:1
[    0.000000] percpu: Embedded 50 pages/cpu s167936 r8192 d28672 u1048576
[    0.000000] PV qspinlock hash table entries: 256 (order: 0, 4096 bytes)
[    0.000000] Built 1 zonelists, mobility grouping on.  Total pages: 257913
[    0.000000] Policy zone: DMA32
[    0.000000] Kernel command line: BOOT_IMAGE=/boot/vmlinuz-4.15.0-212-generic root=LABEL=cloudimg-rootfs ro console=tty1 console=ttyS0
[    0.000000] Memory: 982644K/1048120K available (12300K kernel code, 2477K rwdata, 4324K rodata, 2480K init, 2720K bss, 65476K reserved, 0K cma-reserved)
[    0.000000] SLUB: HWalign=64, Order=0-3, MinObjects=0, CPUs=2, Nodes=1
[    0.000000] ftrace: allocating 39508 entries in 155 pages
[    0.004000] Hierarchical RCU implementation.
[    0.004000] 	RCU restricting CPUs from NR_CPUS=8192 to nr_cpu_ids=2.
[    0.004000] 	Tasks RCU enabled.
[    0.004000] RCU: Adjusting geometry for rcu_fanout_leaf=16, nr_cpu_ids=2
[    0.004000] NR_IRQS: 524544, nr_irqs: 440, preallocated irqs: 16
[    0.004000] random: crng init done
[    0.004000] Console: colour VGA+ 80x25
[    0.004000] console [tty1] enabled
[    0.004000] console [ttyS0] enabled
[    0.004000] ACPI: Core revision 20170831
[    0.004000] ACPI: 2 ACPI AML tables successfully acquired and loaded
[    0.004000] APIC: Switch to symmetric I/O mode setup
[    0.004000] ..TIMER: vector=0x30 apic1=0 pin1=2 apic2=-1 pin2=-1
[    0.004000] tsc: Detected 2611.200 MHz processor
[    0.004000] Calibrating delay loop (skipped) preset value.. 5222.40 BogoMIPS (lpj=10444800)
[    0.004000] pid_max: default: 32768 minimum: 301
[    0.004000] Security Framework initialized
[    0.004000] Yama: becoming mindful.
[    0.004000] AppArmor: AppArmor initialized
[    0.006572] Dentry cache hash table entries: 131072 (order: 8, 1048576 bytes)
[    0.012560] Inode-cache hash table entries: 65536 (order: 7, 524288 bytes)
[    0.016077] Mount-cache hash table entries: 2048 (order: 2, 16384 bytes)
[    0.020079] Mountpoint-cache hash table entries: 2048 (order: 2, 16384 bytes)
[    0.029220] Last level iTLB entries: 4KB 0, 2MB 0, 4MB 0
[    0.032005] Last level dTLB entries: 4KB 0, 2MB 0, 4MB 0, 1GB 0
[    0.036007] Spectre V1 : Mitigation: usercopy/swapgs barriers and __user pointer sanitization
[    0.040005] Spectre V2 : Mitigation: Enhanced IBRS
[    0.044004] Spectre V2 : Spectre v2 / SpectreRSB mitigation: Filling RSB on context switch
[    0.048004] Spectre V2 : Spectre v2 / PBRSB-eIBRS: Retire a single CALL on VMEXIT
[    0.052005] RETBleed: Mitigation: Enhanced IBRS
[    0.056004] Speculative Store Bypass: Vulnerable
[    0.060181] Freeing SMP alternatives memory: 36K
[    0.192005] APIC calibration not consistent with PM-Timer: 111ms instead of 100ms
[    0.196000] APIC delta adjusted to PM-Timer: 6374275 (7138165)
[    0.196278] smpboot: CPU0: 13th Gen Intel(R) Core(TM) i5-13420H (family: 0x6, model: 0xba, stepping: 0x2)
[    0.200333] Performance Events: unsupported p6 CPU model 186 no PMU driver, software events only.
[    0.204118] Hierarchical SRCU implementation.
[    0.208391] NMI watchdog: Perf event create on CPU 0 failed with -2
[    0.212004] NMI watchdog: Perf NMI watchdog permanently disabled
[    0.216262] smp: Bringing up secondary CPUs ...
[    0.224504] x86: Booting SMP configuration:
[    0.228005] .... node  #0, CPUs:      #1
[    0.004000] kvm-clock: cpu 1, msr 0:3ff44041, secondary cpu clock
[    0.240000] TSC synchronization [CPU#0 -> CPU#1]:
[    0.240000] Measured 210529 cycles TSC warp between CPUs, turning off TSC clock.
[    0.240000] tsc: Marking TSC unstable due to check_tsc_sync_source failed
[    0.244194] smp: Brought up 1 node, 2 CPUs
[    0.248067] smpboot: Max logical packages: 1
[    0.252007] smpboot: Total of 2 processors activated (10444.80 BogoMIPS)
[    0.256627] devtmpfs: initialized
[    0.260091] x86/mm: Memory block size: 128MB
[    0.264291] evm: security.selinux
[    0.268006] evm: security.SMACK64
[    0.271044] evm: security.SMACK64EXEC
[    0.272005] evm: security.SMACK64TRANSMUTE
[    0.276005] evm: security.SMACK64MMAP
[    0.280003] evm: security.apparmor
[    0.283050] evm: security.ima
[    0.284003] evm: security.capability
[    0.288321] clocksource: jiffies: mask: 0xffffffff max_cycles: 0xffffffff, max_idle_ns: 7645041785100000 ns
[    0.292013] futex hash table entries: 512 (order: 3, 32768 bytes)
[    0.296171] pinctrl core: initialized pinctrl subsystem
[    0.300393] RTC time: 11:39:37, date: 01/15/25
[    0.308569] NET: Registered protocol family 16
[    0.312000] audit: initializing netlink subsys (disabled)
[    0.312175] audit: type=2000 audit(1736941182.638:1): state=initialized audit_enabled=0 res=1
[    0.320011] cpuidle: using governor ladder
[    0.324012] cpuidle: using governor menu
[    0.328088] ACPI: bus type PCI registered
[    0.332000] acpiphp: ACPI Hot Plug PCI Controller Driver version: 0.5
[    0.332399] PCI: Using configuration type 1 for base access
[    0.344162] HugeTLB registered 2.00 MiB page size, pre-allocated 0 pages
[    0.352461] ACPI: Added _OSI(Module Device)
[    0.360005] ACPI: Added _OSI(Processor Device)
[    0.364004] ACPI: Added _OSI(3.0 _SCP Extensions)
[    0.368041] ACPI: Added _OSI(Processor Aggregator Device)
[    0.376007] ACPI: Added _OSI(Linux-Dell-Video)
[    0.384007] ACPI: Added _OSI(Linux-Lenovo-NV-HDMI-Audio)
[    0.388005] ACPI: Added _OSI(Linux-HPI-Hybrid-Graphics)
[    0.396049] ACPI: Executed 1 blocks of module-level executable AML code
[    0.405346] ACPI: Interpreter enabled
[    0.408013] ACPI: (supports S0 S5)
[    0.412005] ACPI: Using IOAPIC for interrupt routing
[    0.416368] PCI: Using host bridge windows from ACPI; if necessary, use "pci=nocrs" and report a bug
[    0.428284] ACPI: Enabled 2 GPEs in block 00 to 07
[    0.439624] ACPI: PCI Root Bridge [PCI0] (domain 0000 [bus 00-ff])
[    0.444012] acpi PNP0A03:00: _OSC: OS supports [ASPM ClockPM Segments MSI]
[    0.448648] acpi PNP0A03:00: _OSC: not requesting OS control; OS requires [ExtendedConfig ASPM ClockPM MSI]
[    0.460019] acpi PNP0A03:00: fail to add MMCONFIG information, can't access extended PCI configuration space under this bridge.
[    0.468699] PCI host bridge to bus 0000:00
[    0.472007] pci_bus 0000:00: root bus resource [io  0x0000-0x0cf7 window]
[    0.480009] pci_bus 0000:00: root bus resource [io  0x0d00-0xffff window]
[    0.484007] pci_bus 0000:00: root bus resource [mem 0x000a0000-0x000bffff window]
[    0.488007] pci_bus 0000:00: root bus resource [mem 0x40000000-0xfdffffff window]
[    0.496011] pci_bus 0000:00: root bus resource [bus 00-ff]
[    0.512005] pci 0000:00:01.1: legacy IDE quirk: reg 0x10: [io  0x01f0-0x01f7]
[    0.520006] pci 0000:00:01.1: legacy IDE quirk: reg 0x14: [io  0x03f6]
[    0.524008] pci 0000:00:01.1: legacy IDE quirk: reg 0x18: [io  0x0170-0x0177]
[    0.532021] pci 0000:00:01.1: legacy IDE quirk: reg 0x1c: [io  0x0376]
[    0.559306] pci 0000:00:07.0: quirk: [io  0x4000-0x403f] claimed by PIIX4 ACPI
[    0.568035] pci 0000:00:07.0: quirk: [io  0x4100-0x410f] claimed by PIIX4 SMB
[    0.585652] ACPI: PCI Interrupt Link [LNKA] (IRQs 5 9 10 *11)
[    0.588904] ACPI: PCI Interrupt Link [LNKB] (IRQs 5 9 *10 11)
[    0.596176] ACPI: PCI Interrupt Link [LNKC] (IRQs 5 *9 10 11)
[    0.600181] ACPI: PCI Interrupt Link [LNKD] (IRQs 5 9 10 *11)
[    0.604559] SCSI subsystem initialized
[    0.608183] pci 0000:00:02.0: vgaarb: setting as boot VGA device
[    0.612000] pci 0000:00:02.0: vgaarb: VGA device added: decodes=io+mem,owns=io+mem,locks=none
[    0.624012] pci 0000:00:02.0: vgaarb: bridge control possible
[    0.632006] vgaarb: loaded
[    0.634633] ACPI: bus type USB registered
[    0.636024] usbcore: registered new interface driver usbfs
[    0.640023] usbcore: registered new interface driver hub
[    0.648019] usbcore: registered new device driver usb
[    0.652172] EDAC MC: Ver: 3.0.0
[    0.656575] PCI: Using ACPI for IRQ routing
[    0.660672] NetLabel: Initializing
[    0.664007] NetLabel:  domain hash size = 128
[    0.672004] NetLabel:  protocols = UNLABELED CIPSOv4 CALIPSO
[    0.676161] NetLabel:  unlabeled traffic allowed by default
[    0.684249] clocksource: Switched to clocksource kvm-clock
[    0.717668] VFS: Disk quotas dquot_6.6.0
[    0.720869] VFS: Dquot-cache hash table entries: 512 (order 0, 4096 bytes)
[    0.725487] AppArmor: AppArmor Filesystem Enabled
[    0.730155] pnp: PnP ACPI init
[    0.734581] pnp: PnP ACPI: found 3 devices
[    0.745300] clocksource: acpi_pm: mask: 0xffffff max_cycles: 0xffffff, max_idle_ns: 2085701024 ns
[    0.754075] NET: Registered protocol family 2
[    0.759093] IP idents hash table entries: 16384 (order: 5, 131072 bytes)
[    0.765405] TCP established hash table entries: 8192 (order: 4, 65536 bytes)
[    0.771974] TCP bind hash table entries: 8192 (order: 5, 131072 bytes)
[    0.777052] TCP: Hash tables configured (established 8192 bind 8192)
[    0.781950] UDP hash table entries: 512 (order: 2, 16384 bytes)
[    0.787155] UDP-Lite hash table entries: 512 (order: 2, 16384 bytes)
[    0.792040] NET: Registered protocol family 1
[    0.795219] pci 0000:00:00.0: Limiting direct PCI/PCI transfers
[    0.801640] pci 0000:00:01.0: Activating ISA DMA hang workarounds
[    0.809143] pci 0000:00:02.0: Video device with shadowed ROM at [mem 0x000c0000-0x000dffff]
[    0.815601] Unpacking initramfs...
[    1.000026] Freeing initrd memory: 19528K
[    1.410262] clocksource: tsc: mask: 0xffffffffffffffff max_cycles: 0x25a39079a08, max_idle_ns: 440795310461 ns
[    1.435775] platform rtc_cmos: registered platform RTC device (no PNP device found)
[    1.456874] Scanning for low memory corruption every 60 seconds
[    1.477641] Initialise system trusted keyrings
[    1.489591] Key type blacklist registered
[    1.501782] workingset: timestamp_bits=36 max_order=18 bucket_order=0
[    1.522483] zbud: loaded
[    1.534172] squashfs: version 4.0 (2009/01/31) Phillip Lougher
[    1.549892] fuse init (API version 7.26)
[    1.678951] Key type asymmetric registered
[    1.695197] Asymmetric key parser 'x509' registered
[    1.710073] Block layer SCSI generic (bsg) driver version 0.4 loaded (major 246)
[    1.733989] io scheduler noop registered
[    1.747452] io scheduler deadline registered
[    1.765318] io scheduler cfq registered (default)
[    1.788909] ACPI: AC Adapter [AC] (off-line)
[    1.801982] input: Power Button as /devices/LNXSYSTM:00/LNXPWRBN:00/input/input0
[    1.825218] ACPI: Power Button [PWRF]
[    1.837557] input: Sleep Button as /devices/LNXSYSTM:00/LNXSLPBN:00/input/input1
[    1.859291] ACPI: Sleep Button [SLPF]
[    1.879099] Serial: 8250/16550 driver, 32 ports, IRQ sharing enabled
[    1.880706] ACPI: Battery Slot [BAT0] (battery present)
[    1.944951] 00:02: ttyS0 at I/O 0x3f8 (irq = 4, base_baud = 115200) is a 16550A
[    1.956960] Linux agpgart interface v0.103
[    1.975586] loop: module loaded
[    1.989604] scsi host0: ata_piix
[    1.998682] scsi host1: ata_piix
[    2.004622] ata1: PATA max UDMA/33 cmd 0x1f0 ctl 0x3f6 bmdma 0xd000 irq 14
[    2.013563] ata2: PATA max UDMA/33 cmd 0x170 ctl 0x376 bmdma 0xd008 irq 15
[    2.020329] tun: Universal TUN/TAP device driver, 1.6
[    2.025930] PPP generic driver version 2.4.2
[    2.030899] ehci_hcd: USB 2.0 'Enhanced' Host Controller (EHCI) Driver
[    2.036358] ehci-pci: EHCI PCI platform driver
[    2.046381] ehci-platform: EHCI generic platform driver
[    2.063252] ohci_hcd: USB 1.1 'Open' Host Controller (OHCI) Driver
[    2.086722] ohci-pci: OHCI PCI platform driver
[    2.105532] ohci-platform: OHCI generic platform driver
[    2.122543] uhci_hcd: USB Universal Host Controller Interface driver
[    2.146767] i8042: PNP: PS/2 Controller [PNP0303:PS2K,PNP0f03:PS2M] at 0x60,0x64 irq 1,12
[    2.178192] serio: i8042 KBD port at 0x60,0x64 irq 1
[    2.204383] serio: i8042 AUX port at 0x60,0x64 irq 12
[    2.254580] mousedev: PS/2 mouse device common for all mice
[    2.341902] input: AT Translated Set 2 keyboard as /devices/platform/i8042/serio0/input/input2
[    2.342991] rtc_cmos rtc_cmos: rtc core: registered rtc_cmos as rtc0
[    2.384922] rtc_cmos rtc_cmos: alarms up to one day, 114 bytes nvram
[    2.402612] i2c /dev entries driver
[    2.406491] device-mapper: uevent: version 1.0.3
[    2.425579] device-mapper: ioctl: 4.37.0-ioctl (2017-09-20) initialised: dm-devel@redhat.com
[    2.453251] ledtrig-cpu: registered to indicate activity on CPUs
[    2.480685] NET: Registered protocol family 10
[    2.522814] Segment Routing with IPv6
[    2.535519] NET: Registered protocol family 17
[    2.553674] Key type dns_resolver registered
[    2.569759] mce: Using 0 MCE banks
[    2.580519] RAS: Correctable Errors collector initialized.
[    2.594491] sched_clock: Marking stable (2594364859, 0)->(3142695450, -548330591)
[    2.620661] registered taskstats version 1
[    2.627593] Loading compiled-in X.509 certificates
[    2.651943] Loaded X.509 cert 'Build time autogenerated kernel key: b5b26778eaa3ab3a4a6cee031137706e947d12ad'
[    2.679899] Loaded X.509 cert 'Canonical Ltd. Live Patch Signing: 14df34d1a87cf37625abec039ef2bf521249b969'
[    2.708863] Loaded X.509 cert 'Canonical Ltd. Kernel Module Signing: 88f752e560a1e0737e31163a466ad7b70a850c19'
[    2.738162] blacklist: Loading compiled-in revocation X.509 certificates
[    2.757028] Loaded X.509 cert 'Canonical Ltd. Secure Boot Signing: 61482aa2830d0ab2ad5af10b7250da9033ddcef0'
[    2.785756] Loaded X.509 cert 'Canonical Ltd. Secure Boot Signing (2017): 242ade75ac4a15e50d50c84b0d45ff3eae707a03'
[    2.815415] Loaded X.509 cert 'Canonical Ltd. Secure Boot Signing (ESM 2018): 365188c1d374d6b07c3c8f240f8ef722433d6a8b'
[    2.844070] Loaded X.509 cert 'Canonical Ltd. Secure Boot Signing (2019): c0746fd6c5da3ae827864651ad66ae47fe24b3e8'
[    2.873258] Loaded X.509 cert 'Canonical Ltd. Secure Boot Signing (2021 v1): a8d54bbb3825cfb94fa13c9f8a594a195c107b8d'
[    2.906129] Loaded X.509 cert 'Canonical Ltd. Secure Boot Signing (2021 v2): 4cf046892d6fd3c9a5b03f98d845f90851dc6a8c'
[    2.919039] Loaded X.509 cert 'Canonical Ltd. Secure Boot Signing (2021 v3): 100437bb6de6e469b581e61cd66bce3ef4ed53af'
[    2.931005] Loaded X.509 cert 'Canonical Ltd. Secure Boot Signing (Ubuntu Core 2019): c1d57b8f6b743f23ee41f4f7ee292f06eecadfb9'
[    2.939479] zswap: loaded using pool lzo/zbud
[    2.984152] Key type big_key registered
[    2.998319] Key type trusted registered
[    3.028435] Key type encrypted registered
[    3.041471] AppArmor: AppArmor sha1 policy hashing enabled
[    3.058446] ima: No TPM chip found, activating TPM-bypass! (rc=-19)
[    3.079866] ima: Allocated hash algorithm: sha1
[    3.093852] evm: HMAC attrs: 0x1
[    3.105607]   Magic number: 9:394:681
[    3.123479] rtc_cmos rtc_cmos: setting system clock to 2025-01-15 11:39:40 UTC (1736941180)
[    3.154044] BIOS EDD facility v0.16 2004-Jun-25, 0 devices found
[    3.171872] EDD information not available.
[    3.192256] Freeing unused kernel image memory: 2480K
[    3.224741] Write protecting the kernel read-only data: 20480k
[    3.231349] Freeing unused kernel image memory: 2008K
[    3.240411] Freeing unused kernel image memory: 1820K
[    3.260575] x86/mm: Checked W+X mappings: passed, no W+X pages found.
Loading, please wait...
starting version 237
[    3.507467] e1000: Intel(R) PRO/1000 Network Driver - version 7.3.21-k8-NAPI
[    3.526109] e1000: Copyright (c) 1999-2006 Intel Corporation.
[    3.622389] Fusion MPT base driver 3.04.20
[    3.655092] Copyright (c) 1999-2008 LSI Corporation
[    3.729861] SSE version of gcm_enc/dec engaged.
[    3.800630] Fusion MPT SPI Host driver 3.04.20
[    3.976457] input: ImExPS/2 Generic Explorer Mouse as /devices/platform/i8042/serio1/input/input4
[    5.079302] e1000 0000:00:03.0 eth0: (PCI:33MHz:32-bit) 02:3b:7b:b7:3b:2d
[    5.084713] e1000 0000:00:03.0 eth0: Intel(R) PRO/1000 Network Connection
[    5.676852] e1000 0000:00:08.0 eth1: (PCI:33MHz:32-bit) 08:00:27:29:e2:7a
[    5.686036] e1000 0000:00:08.0 eth1: Intel(R) PRO/1000 Network Connection
[    5.694513] e1000 0000:00:03.0 enp0s3: renamed from eth0
[    5.705365] mptbase: ioc0: Initiating bringup
[    5.712900] e1000 0000:00:08.0 enp0s8: renamed from eth1
[    5.828694] ioc0: LSI53C1030 A0: Capabilities={Initiator}
[    6.093104] scsi host2: ioc0: LSI53C1030 A0, FwRev=00000000h, Ports=1, MaxQ=256, IRQ=20
[    6.270962] scsi 2:0:0:0: Direct-Access     VBOX     HARDDISK         1.0  PQ: 0 ANSI: 5
[    6.308431] scsi target2:0:0: Beginning Domain Validation
[    6.328986] scsi target2:0:0: Domain Validation skipping write tests
[    6.334317] scsi target2:0:0: Ending Domain Validation
[    6.339285] scsi target2:0:0: asynchronous
[    6.346960] scsi 2:0:1:0: Direct-Access     VBOX     HARDDISK         1.0  PQ: 0 ANSI: 5
[    6.384204] scsi target2:0:1: Beginning Domain Validation
[    6.402879] scsi target2:0:1: Domain Validation skipping write tests
[    6.407572] scsi target2:0:1: Ending Domain Validation
[    6.411621] scsi target2:0:1: asynchronous
[    6.432358] sd 2:0:0:0: Attached scsi generic sg0 type 0
[    6.433081] sd 2:0:0:0: [sda] 83886080 512-byte logical blocks: (42.9 GB/40.0 GiB)
[    6.436791] sd 2:0:1:0: Attached scsi generic sg1 type 0
[    6.443102] sd 2:0:0:0: [sda] Write Protect is off
[    6.450982] sd 2:0:1:0: [sdb] 20480 512-byte logical blocks: (10.5 MB/10.0 MiB)
[    6.458141] sd 2:0:1:0: [sdb] Write Protect is off
[    6.464751] sd 2:0:0:0: [sda] Incomplete mode parameter data
[    6.470944] sd 2:0:0:0: [sda] Assuming drive cache: write through
[    6.472226] sd 2:0:1:0: [sdb] Incomplete mode parameter data
[    6.482220] sd 2:0:1:0: [sdb] Assuming drive cache: write through
[    6.496867]  sda: sda1
[    6.503081] sd 2:0:0:0: [sda] Attached SCSI disk
[    6.507893] sd 2:0:1:0: [sdb] Attached SCSI disk
Begin: Loading essential drivers ... [    8.683618] raid6: sse2x1   gen() 134847 MB/s
[   10.675789] raid6: sse2x1   xor() 150292 MB/s
[   11.682246] raid6: sse2x2   gen() 330807 MB/s
[   13.683033] raid6: sse2x2   xor() 123993 MB/s
[   14.739682] raid6: sse2x4   gen() 10973 MB/s
[   14.812394] raid6: sse2x4   xor()  5619 MB/s
[   14.828744] raid6: using algorithm sse2x2 gen() 330807 MB/s
[   14.846905] raid6: .... xor() 123993 MB/s, rmw enabled
[   14.865761] raid6: using ssse3x2 recovery algorithm
[   14.887390] xor: measuring software checksum speed
[   14.937508]    prefetch64-sse:  9014.000 MB/sec
[   14.989806]    generic_sse:  9770.000 MB/sec
[   15.001722] xor: using function: generic_sse (9770.000 MB/sec)
[   15.027480] async_tx: api initialized (async)
done.
Begin: Running /scripts/init-premount ... done.
Begin: Mounting root file system ... Begin: Running /scripts/local-top ... done.
Begin: Running /scripts/local-premount ... [   15.200777] Btrfs loaded, crc32c=crc32c-intel
Scanning for Btrfs filesystems
done.
Warning: fsck not present, so skipping root file system
[   15.282203] EXT4-fs (sda1): mounted filesystem with ordered data mode. Opts: (null)
done.
Begin: Running /scripts/local-bottom ... done.
Begin: Running /scripts/init-bottom ... done.
[   15.616693] ip_tables: (C) 2000-2006 Netfilter Core Team
[   15.642904] systemd[1]: systemd 237 running in system mode. (+PAM +AUDIT +SELINUX +IMA +APPARMOR +SMACK +SYSVINIT +UTMP +LIBCRYPTSETUP +GCRYPT +GNUTLS +ACL +XZ +LZ4 +SECCOMP +BLKID +ELFUTILS +KMOD -IDN2 +IDN -PCRE2 default-hierarchy=hybrid)
[   15.694083] systemd[1]: Detected virtualization oracle.
[   15.708478] systemd[1]: Detected architecture x86-64.

Welcome to [1mUbuntu 18.04.6 LTS[0m!

[   15.799670] systemd[1]: Set hostname to <ubuntu>.
[   15.815585] systemd[1]: Initializing machine ID from random generator.
[   15.827887] systemd[1]: Installed transient /etc/machine-id file.
[   16.321126] systemd[1]: Reached target System Time Synchronized.
[[0;32m  OK  [0m] Reached target System Time Synchronized.
[   16.329014] systemd[1]: Started Forward Password Requests to Wall Directory Watch.
[[0;32m  OK  [0m] Started Forward Password Requests to Wall Directory Watch.
[   16.358137] systemd[1]: Created slice User and Session Slice.
[[0;32m  OK  [0m] Created slice User and Session Slice.
[   16.366047] systemd[1]: Reached target Mounting snaps.
[[0;32m  OK  [0m] Reached target Mounting snaps.
[[0;32m  OK  [0m] Reached target Mounted snaps.
[[0;32m  OK  [0m] Reached target User and Group Name Lookups.
[[0;32m  OK  [0m] Reached target Swap.
[[0;32m  OK  [0m] Created slice System Slice.
[[0;32m  OK  [0m] Listening on Journal Socket.
         Starting Uncomplicated firewall...
[[0;32m  OK  [0m] Listening on LVM2 metadata daemon socket.
         Mounting Kernel Debug File System...
[[0;32m  OK  [0m] Reached target Slices.
[[0;32m  OK  [0m] Listening on LVM2 poll daemon socket.
         Mounting POSIX Message Queue File System...
[[0;32m  OK  [0m] Listening on Journal Socket (/dev/log).
[[0;32m  OK  [0m] Created slice system-serial\x2dgetty.slice.
[[0;32m  OK  [0m] Listening on /dev/initctl Compatibility Named Pipe.
         Starting Set the console keyboard layout...
[[0;32m  OK  [0m] Listening on Device-mapper event daemon FIFOs.
         Starting Monitoring of LVM2 mirrors…ng dmeventd or progress polling...
[[0;32m  OK  [0m] Listening on Journal Audit Socket.
         Starting Create list of required st…ce nodes for the current kernel...
[[0;32m  OK  [0m] Listening on Syslog Socket.
[[0;32m  OK  [0m] Listening on udev Kernel Socket.
[[0;32m  OK  [0m] Listening on udev Control Socket.
         Mounting Huge Pages File System...
         Starting udev Coldplug all Devices...
         Starting Journal Service...
[[0;32m  OK  [0m] Listening on Network Service Netlink Socket.
         Starting Load Kernel Modules...
[[0;32m  OK  [0m] Listening on fsck to fsckd communication Socket.
         Starting File System Check on Root Device...
[[0;32m  OK  [0m] Set up automount Arbitrary Executab…rmats File System Automount Point.
[   16.767609] Loading iSCSI transport class v2.0-870.
[   16.779683] iscsi: registered transport (tcp)
[[0;32m  OK  [0m] Started Journal Service.
[[0;32m  OK  [0m] Started Uncomplicated firewall.
[[0;32m  OK  [0m] Mounted Kernel Debug File System.
[[0;32m  OK  [0m] Mounted POSIX Message Queue File System.
[[0;32m  OK  [0m] Started Create list of required sta…vice nodes for the current kernel.
[[0;32m  OK  [0m] Mounted Huge Pages File System.
[[0;32m  OK  [0m] Started LVM2 metadata daemon.
         Starting Create Static Device Nodes in /dev...
[[0;32m  OK  [0m] Started File System Check Daemon to report status.
[[0;32m  OK  [0m] Started udev Coldplug all Devices.
[[0;32m  OK  [0m] Started Create Static Device Nodes in /dev.
[[0;32m  OK  [0m] Started Monitoring of LVM2 mirrors,…sing dmeventd or progress polling.
[[0;32m  OK  [0m] Started File System Check on Root Device.
         Starting Remount Root and Kernel File Systems...
[   17.087103] iscsi: registered transport (iser)
[[0;32m  OK  [0m] Started Load Kernel Modules.
         Starting Apply Kernel Variables...
         Mounting FUSE Control File System...
         Mounting Kernel Configuration File System...
[[0;32m  OK  [0m] Mounted FUSE Control File System.
[[0;32m  OK  [0m] Mounted Kernel Configuration File System.
[[0;32m  OK  [0m] Started Remount Root and Kernel File Systems.
         Starting Load/Save Random Seed...
         Starting udev Kernel Device Manager...
         Starting Flush Journal to Persistent Storage...
[[0;32m  OK  [0m] Started Apply Kernel Variables.
[[0;32m  OK  [0m] Started Load/Save Random Seed.
[[0;32m  OK  [0m] Started udev Kernel Device Manager.
[[0;32m  OK  [0m] Started Flush Journal to Persistent Storage.
[[0;32m  OK  [0m] Found device /dev/ttyS0.
[[0;32m  OK  [0m] Listening on Load/Save RF Kill Switch Status /dev/rfkill Watch.
[[0;32m  OK  [0m] Started Set the console keyboard layout.
         Mounting Arbitrary Executable File Formats File System...
[[0;32m  OK  [0m] Started Dispatch Password Requests to Console Directory Watch.
[[0;32m  OK  [0m] Reached target Local Encrypted Volumes.
[[0;32m  OK  [0m] Reached target Local File Systems (Pre).
[[0;32m  OK  [0m] Reached target Local File Systems.
         Starting Commit a transient machine-id on disk...
         Starting AppArmor initialization...
         Starting Set console font and keymap...
         Starting Tell Plymouth To Write Out Runtime Data...
         Starting Create Volatile Files and Directories...
         Starting ebtables ruleset management...
[[0;32m  OK  [0m] Mounted Arbitrary Executable File Formats File System.
[[0;32m  OK  [0m] Started Tell Plymouth To Write Out Runtime Data.
[[0;32m  OK  [0m] Started Create Volatile Files and Directories.
         Starting Update UTMP about System Boot/Shutdown...
[[0;32m  OK  [0m] Started Update UTMP about System Boot/Shutdown.
[[0;32m  OK  [0m] Started Commit a transient machine-id on disk.
[[0;32m  OK  [0m] Started ebtables ruleset management.
[[0;32m  OK  [0m] Started AppArmor initialization.
         Starting Initial cloud-init job (pre-networking)...
         Starting Load AppArmor profiles managed internally by snapd...
[[0;32m  OK  [0m] Started Load AppArmor profiles managed internally by snapd.
[[0;32m  OK  [0m] Started Set console font and keymap.
[   23.157523] cloud-init[759]: Cloud-init v. 23.1.2-0ubuntu0~18.04.1 running 'init-local' at Wed, 15 Jan 2025 11:39:59 +0000. Up 22.45 seconds.
[[0;32m  OK  [0m] Started Initial cloud-init job (pre-networking).
[[0;32m  OK  [0m] Reached target Network (Pre).
         Starting Network Service...
[[0;32m  OK  [0m] Started Network Service.
         Starting Wait for Network to be Configured...
         Starting Network Name Resolution...
[[0;32m  OK  [0m] Started Network Name Resolution.
[[0;32m  OK  [0m] Reached target Host and Network Name Lookups.
[[0;32m  OK  [0m] Reached target Network.
[[0;32m  OK  [0m] Started Wait for Network to be Configured.
         Starting Initial cloud-init job (metadata service crawler)...
[   26.324330] cloud-init[911]: Cloud-init v. 23.1.2-0ubuntu0~18.04.1 running 'init' at Wed, 15 Jan 2025 11:40:03 +0000. Up 26.03 seconds.
[   26.335198] cloud-init[911]: ci-info: ++++++++++++++++++++++++++++++++++++++Net device info+++++++++++++++++++++++++++++++++++++++
[   26.345297] cloud-init[911]: ci-info: +--------+-------+----------------------------+---------------+--------+-------------------+
[   26.360775] cloud-init[911]: ci-info: | Device |   Up  |          Address           |      Mask     | Scope  |     Hw-Address    |
[   26.373099] cloud-init[911]: ci-info: +--------+-------+----------------------------+---------------+--------+-------------------+
[   26.383779] cloud-init[911]: ci-info: | enp0s3 |  True |         10.0.2.15          | 255.255.255.0 | global | 02:3b:7b:b7:3b:2d |
[   26.395856] cloud-init[911]: ci-info: | enp0s3 |  True | fd00::3b:7bff:feb7:3b2d/64 |       .       | global | 02:3b:7b:b7:3b:2d |
[   26.409472] cloud-init[911]: ci-info: | enp0s3 |  True | fe80::3b:7bff:feb7:3b2d/64 |       .       |  link  | 02:3b:7b:b7:3b:2d |
[   26.421773] cloud-init[911]: ci-info: | enp0s8 | False |             .              |       .       |   .    | 08:00:27:29:e2:7a |
[   26.435532] cloud-init[911]: ci-info: |   lo   |  True |         127.0.0.1          |   255.0.0.0   |  host  |         .         |
[   26.445964] cloud-init[911]: ci-info: |   lo   |  True |          ::1/128           |       .       |  host  |         .         |
[   26.457953] cloud-init[911]: ci-info: +--------+-------+----------------------------+---------------+--------+-------------------+
[   26.467965] cloud-init[911]: ci-info: ++++++++++++++++++++++++++++Route IPv4 info+++++++++++++++++++++++++++++
[   26.479894] cloud-init[911]: ci-info: +-------+-------------+----------+-----------------+-----------+-------+
[   26.489352] cloud-init[911]: ci-info: | Route | Destination | Gateway  |     Genmask     | Interface | Flags |
[   26.501014] cloud-init[911]: ci-info: +-------+-------------+----------+-----------------+-----------+-------+
[   26.509750] cloud-init[911]: ci-info: |   0   |   0.0.0.0   | 10.0.2.2 |     0.0.0.0     |   enp0s3  |   UG  |
[   26.518905] cloud-init[911]: ci-info: |   1   |   10.0.2.0  | 0.0.0.0  |  255.255.255.0  |   enp0s3  |   U   |
[   26.527058] cloud-init[911]: ci-info: |   2   |   10.0.2.2  | 0.0.0.0  | 255.255.255.255 |   enp0s3  |   UH  |
[   26.539633] cloud-init[911]: ci-info: +-------+-------------+----------+-----------------+-----------+-------+
[   26.547941] cloud-init[911]: ci-info: +++++++++++++++++++Route IPv6 info+++++++++++++++++++
[   26.555217] cloud-init[911]: ci-info: +-------+-------------+---------+-----------+-------+
[   26.562375] cloud-init[911]: ci-info: | Route | Destination | Gateway | Interface | Flags |
[   26.576042] cloud-init[911]: ci-info: +-------+-------------+---------+-----------+-------+
[   26.583693] cloud-init[911]: ci-info: |   1   |  fd00::/64  |    ::   |   enp0s3  |   U   |
[   26.591364] cloud-init[911]: ci-info: |   2   |  fe80::/64  |    ::   |   enp0s3  |   U   |
[   26.599146] cloud-init[911]: ci-info: |   3   |     ::/0    | fe80::2 |   enp0s3  |   UG  |
[   26.606025] cloud-init[911]: ci-info: |   5   |    local    |    ::   |   enp0s3  |   U   |
[   26.613234] cloud-init[911]: ci-info: |   6   |   ff00::/8  |    ::   |   enp0s3  |   U   |
[   26.622600] cloud-init[911]: ci-info: +-------+-------------+---------+-----------+-------+
[   28.462864] cloud-init[911]: Generating public/private rsa key pair.
[   28.484350] cloud-init[911]: Your identification has been saved in /etc/ssh/ssh_host_rsa_key.
[   28.514723] cloud-init[911]: Your public key has been saved in /etc/ssh/ssh_host_rsa_key.pub.
[   28.545671] cloud-init[911]: The key fingerprint is:
[   28.570653] cloud-init[911]: SHA256:0eohAfuvnaPWz61ZtdHTjsLtpMDfUkcmGC/CG6gFwMo root@ubuntu-bionic
[   28.599383] cloud-init[911]: The key's randomart image is:
[   28.616077] cloud-init[911]: +---[RSA 2048]----+
[   28.627535] cloud-init[911]: |   .o.           |[[0;32m  OK  [0m] Started Initial cloud-init job (metadata service crawler).
[[0;32m  OK  [0m] Reached target System Initialization.
[[0;32m  OK  [0m] Listening on Open-iSCSI iscsid Socket.
[[0;32m  OK  [0m] Started ACPI Events Check.
[[0;32m  OK  [0m] Reached target Paths.
[[0;32m  OK  [0m] Listening on ACPID Listen Socket.
[[0;32m  OK  [0m] Started Daily apt download activities.
[[0;32m  OK  [0m] Listening on D-Bus System Message Bus Socket.
[[0;32m  OK  [0m] Listening on cloud-init hotplug hook socket.
[[0;32m  OK  [0m] Listening on UUID daemon activation socket.
         Starting LXD - unix socket.
[[0;32m  OK  [0m] Started Ubuntu Advantage Timer for running repeated jobs.
[[0;32m  OK  [0m] Started Daily Cleanup of Temporary Directories.
         Starting Socket activation for snappy daemon.
[[0;32m  OK  [0m] Started Discard unused blocks once a week.
[[0;32m  OK  [0m] Started Daily apt upgrade and clean activities.
[[0;32m  OK  [0m] Started Message of the Day.
[[0;32m  OK  [0m] Reached target Timers.
[[0;32m  OK  [0m] Reached target Cloud-config availability.
[[0;32m  OK  [0m] Reached target Network is Online.
[[0;32m  OK  [0m] Reached target Remote File Systems (Pre).
[[0;32m  OK  [0m] Reached target Remote File Systems.
         Starting Availability of block devices...
[[0;32m  OK  [0m] Listening on LXD - unix socket.
[[0;32m  OK  [0m] Listening on Socket activation for snappy daemon.
[[0;32m  OK  [0m] Reached target Sockets.
[[0;32m  OK  [0m] Reached target Basic System.
         Starting Permit User Sessions...
[[0;32m  OK  [0m] Started Regular background program processing daemon.

         Starting Login Service...
[   28.770384]          Starting Accounts Service...
[[0;32m  OK  [0m] Started D-Bus System Message Bus.
cloud-init[911]: |    .o.  .  .    |
[   28.793635] cloud-init[911]: | . .. ...o.  +   |
[   28.819855] cloud-init[911]: |  E  . .oo+ o o.+|
[   28.831377] cloud-init[911]: |      ooS  + .o=o|
[   28.844082] cloud-init[911]: |      .+ o.. o.=o|
[   28.855327] cloud-init[911]: |       .o o +.=..|
[   28.875366] cloud-init[911]: |      .ooo *.*   |
[   28.885508] cloud-init[911]: |     .o.oo=.+.o  |
[   28.890650] cloud-init[911]: +----[SHA256]-----+
[   28.897355] cloud-init[911]: Generating public/private dsa key pair.
[   28.902943] cloud-init[911]: Your identification has been saved in /etc/ssh/ssh_host_dsa_key.
[   28.910165] cloud-init[911]: Your public key has been saved in /etc/ssh/ssh_host_dsa_key.pub.
[   28.917304] cloud-init[911]: The key fingerprint is:
[   28.921832] cloud-init[911]: SHA256:8WFca1499u3t7h/6MO7PBWRu0B/Lfr/ncL8CFZmkErM root@ubuntu-bionic
[   28.929760] cloud-init[911]: The key's randomart image is:
[   28.935011] cloud-init[911]: +---[DSA 1024]----+
[   28.940827] cloud-init[911]: |         o  o.o  |
[[0;32m  OK  [0m] Started irqbalance daemon.
[   28.957928] cloud-init[911]: |         .+..* . |
[   28.986945] cloud-init[911]: |        .E+.+ *+.|         Starting Dispatcher daemon for systemd-networkd...
[[0;32m  OK  [0m] Started FUSE filesystem for LXC.
         Starting System Logging Service...
         Starting LSB: Record successful boot for GRUB...

[   29.034219]          Starting Pollinate to seed the pseudo random number generator...
cloud-init[911]: [[0;32m  OK  [0m] Started Deferred execution scheduler.
[[0;32m  OK  [0m] Reached target Login Prompts (Pre).
         Starting LXD - container startup/shutdown...
|         +.+ Bo.*|
[   29.113478] cloud-init[911]:          Starting Snap Daemon...
         Starting LSB: automatic crash report generation...
         Starting Virtualbox guest utils...
[[0;32m  OK  [0m] Started Availability of block devices.
|        S . o +o+|[[0;32m  OK  [0m] Started Permit User Sessions.

[   29.164299] cloud-init[911]: |           . ..o.|
[   29.185885] cloud-init[911]: |            .o.o*|
[   29.204134] cloud-init[911]: |            ..=+B|
[   29.217285] cloud-init[911]: |            .++X&|
[   29.230501] cloud-init[911]: +----[SHA256]-----+
[   29.245344] cloud-init[911]: Generating public/private ecdsa key pair.
[   29.263531] cloud-init[911]: Your identification has been saved in /etc/ssh/ssh_host_ecdsa_key.
[   29.295717] cloud-init[911]: Your public key has been saved in /etc/ssh/ssh_host_ecdsa_key.pub.
[   29.318251] cloud-init[911]: The key fingerprint is:
[   29.328026] cloud-init[911]: SHA256:BWO+0eVLCeSJP9k9cAPfeZDKLCXzcDLG1UdlfgGiBso root@ubuntu-bionic
[   29.340856] cloud-init[911]: The key's randomart image is:
[   29.350822] cloud-init[911]: +---[ECDSA 256]---+
[   29.367901] cloud-init[911]: |       .+ooo+oo+=|
[[0;32m  OK  [0m] Started Login Service.
[   29.385158] cloud-init[911]: |    . .o.*X=++o=+|[[0;32m  OK  [0m] Started Unattended Upgrades Shutdown.
         Starting Authorization Manager...
         Starting Hostname Service...
         Starting Hold until boot process finishes up...
         Starting Terminate Plymouth Boot Screen...
[[0;32m  OK  [0m] Started System Logging Service.
[[0;32m  OK  [0m] Started Hold until boot process finishes up.
         Starting Set console scheme...
[[0;32m  OK  [0m] Started Serial Getty on ttyS0.

[   29.441203] [[0;32m  OK  [0m] Started Terminate Plymouth Boot Screen.
cloud-init[911]: |     E  ++=%=.+o=|
[   29.515420] cloud-init[911]: |        .=.+== .o|
[   29.547573] cloud-init[911]: |        S +.o o  |
[   29.560777] cloud-init[911]: |           .   . |[[0;32m  OK  [0m] Started Set console scheme.
[[0;32m  OK  [0m] Created slice system-getty.slice.
[[0;32m  OK  [0m] Started Getty on tty1.
[[0;32m  OK  [0m] Reached target Login Prompts.

[   29.588820] cloud-init[911]: |                 |
[   29.594716] cloud-init[911]: |                 |
[   29.600580] cloud-init[911]: |                 |
[   29.604523] cloud-init[911]: +----[SHA256]-----+
[   29.609377] cloud-init[911]: Generating public/private ed25519 key pair.
[   29.614667] cloud-init[911]: Your identification has been saved in /etc/ssh/ssh_host_ed25519_key.
[   29.623272] cloud-init[911]: Your public key has been saved in /etc/ssh/ssh_host_ed25519_key.pub.
[   29.631299] cloud-init[911]: The key fingerprint is:
[   29.640439] cloud-init[911]: SHA256:eLblCwxxnlg0vBFAYzXEAYqpIqER23/DkFol+KxNx88 root@ubuntu-bionic
[   29.644305] cloud-init[911]: The key's randomart image is:
[   29.646104] cloud-init[911]: +--[ED25519 256]--+
[   29.649466] cloud-init[911]: |.  ...BBOo       |
[   29.654068] cloud-init[911]: | +.o * o+o       |
[   29.659212] cloud-init[911]: |+ +o=.. oo       |
[   29.665827] cloud-init[911]: |.+ ++ooB..       |
[   29.671426] cloud-init[911]: |= .+..BoS .      |
[   29.678538] cloud-init[911]: |o . .. *E+       |
[   29.695840] [[0;32m  OK  [0m] Started LSB: Record successful boot for GRUB.
cloud-init[911]: |        + .      |
[[0;32m  OK  [0m] Started LSB: automatic crash report generation.
[   29.757760] cloud-init[911]: |         . .     |
[   29.838875] cloud-init[911]: |          .      |
[   29.858181] cloud-init[911]: +----[SHA256]-----+
[[0;32m  OK  [0m] Started Authorization Manager.
[[0;32m  OK  [0m] Started Accounts Service.
[[0;32m  OK  [0m] Started Hostname Service.
[[0;32m  OK  [0m] Started Virtualbox guest utils.
[[0;32m  OK  [0m] Started LXD - container startup/shutdown.
[[0;32m  OK  [0m] Started Dispatcher daemon for systemd-networkd.
[[0;32m  OK  [0m] Started Snap Daemon.
         Starting Wait until snapd is fully seeded...
         Starting Time & Date Service...
[[0;32m  OK  [0m] Started Time & Date Service.

Ubuntu 18.04.6 LTS ubuntu-bionic ttyS0

ubuntu-bionic login: [   51.500653] cloud-init[2015]: Cloud-init v. 23.1.2-0ubuntu0~18.04.1 running 'modules:config' at Wed, 15 Jan 2025 11:40:28 +0000. Up 50.97 seconds.
ci-info: no authorized SSH keys fingerprints found for user ubuntu.
<14>Jan 15 11:40:29 cloud-init: #############################################################
<14>Jan 15 11:40:29 cloud-init: -----BEGIN SSH HOST KEY FINGERPRINTS-----
<14>Jan 15 11:40:29 cloud-init: 1024 SHA256:8WFca1499u3t7h/6MO7PBWRu0B/Lfr/ncL8CFZmkErM root@ubuntu-bionic (DSA)
<14>Jan 15 11:40:29 cloud-init: 256 SHA256:BWO+0eVLCeSJP9k9cAPfeZDKLCXzcDLG1UdlfgGiBso root@ubuntu-bionic (ECDSA)
<14>Jan 15 11:40:29 cloud-init: 256 SHA256:eLblCwxxnlg0vBFAYzXEAYqpIqER23/DkFol+KxNx88 root@ubuntu-bionic (ED25519)
<14>Jan 15 11:40:29 cloud-init: 2048 SHA256:0eohAfuvnaPWz61ZtdHTjsLtpMDfUkcmGC/CG6gFwMo root@ubuntu-bionic (RSA)
<14>Jan 15 11:40:29 cloud-init: -----END SSH HOST KEY FINGERPRINTS-----
<14>Jan 15 11:40:29 cloud-init: #############################################################
-----BEGIN SSH HOST KEY KEYS-----
ecdsa-sha2-nistp256 AAAAE2VjZHNhLXNoYTItbmlzdHAyNTYAAAAIbmlzdHAyNTYAAABBBOvKQDQlD9gzThqIpGemxXybaQB/j1LjCwKl/goHvHpb8Qd9U3y25bSYreqXP1+TjibI2Y3PslFLHufdX3WjZww= root@ubuntu-bionic
ssh-ed25519 AAAAC3NzaC1lZDI1NTE5AAAAIMA5kZ5zc85GNcgkzETgKHGAZR/uI+mp5361QseB8F12 root@ubuntu-bionic
ssh-rsa AAAAB3NzaC1yc2EAAAADAQABAAABAQDITIJukcf74f+nw8ZU8G8YFWrPmLM/8a/LF3R13N/ZW3wk0CTv9WgjTe6vUtGm9fMgIsgxpTdqam9LL3TYCgive9UiIRpBExJSRunkIqzjahUddJJulPpzpUtqum7dfEwCIQkKh1syvegMDV8/sSP3kCQYRV0B2/NEgWA4BIkLm2ypet0+LWjh/uQwyY/XXW8Gs+2XRFUEM6s43rKgUQW+20jL7hi/jcp4qglTzijvMmDbkx3/hfmkAalUBJFV4E9l4ZbvbCwUdoJPGiUBHCEwyEm+qgK4d7pvQqYCazZyeHxK2ut7N3/kF3cw0YcQmq8qxSGnHRlOVGJ/aW8wzsnz root@ubuntu-bionic
-----END SSH HOST KEY KEYS-----
[   52.189519] cloud-init[2145]: Cloud-init v. 23.1.2-0ubuntu0~18.04.1 running 'modules:final' at Wed, 15 Jan 2025 11:40:29 +0000. Up 51.98 seconds.
[   52.197790] cloud-init[2145]: Cloud-init v. 23.1.2-0ubuntu0~18.04.1 finished at Wed, 15 Jan 2025 11:40:29 +0000. Datasource DataSourceNoCloud [seed=/dev/sdb][dsmode=net].  Up 52.15 seconds
[[0;32m  OK  [0m] Stopped target Cloud-init target.
[[0;32m  OK  [0m] Stopped Execute cloud user/final scripts.
         Stopping User Manager for UID 1000...
[[0;32m  OK  [0m] Stopped Apply the settings specified in cloud-config.
         Stopping Session 4 of user vagrant.
[[0;32m  OK  [0m] Stopped target Host and Network Name Lookups.
[[0;32m  OK  [0m] Closed Load/Save RF Kill Switch Status /dev/rfkill Watch.
[[0;32m  OK  [0m] Stopped target Timers.
[[0;32m  OK  [0m] Stopped Message of the Day.
[[0;32m  OK  [0m] Stopped Daily Cleanup of Temporary Directories.
[[0;32m  OK  [0m] Stopped Ubuntu Advantage Timer for running repeated jobs.
         Stopping Availability of block devices...
[[0;32m  OK  [0m] Stopped target Graphical Interface.
         Stopping Accounts Service...
[[0;32m  OK  [0m] Stopped target Multi-User System.
         Stopping LXD - container startup/shutdown...
[[0;32m  OK  [0m] Stopped Wait until snapd is fully seeded.
[[0;32m  OK  [0m] Stopped target Login Prompts.
         Stopping Serial Getty on ttyS0...
         Stopping Getty on tty1...
         Stopping OpenBSD Secure Shell server...
         Stopping D-Bus System Message Bus...
         Stopping Dispatcher daemon for systemd-networkd...
         Stopping LSB: automatic crash report generation...
         Stopping System Logging Service...
         Stopping LSB: Record successful boot for GRUB...
         Stopping Regular background program processing daemon...
         Stopping Virtualbox guest utils...
[[0;32m  OK  [0m] Stopped Daily apt upgrade and clean activities.
[[0;32m  OK  [0m] Stopped Daily apt download activities.
[[0;32m  OK  [0m] Stopped Discard unused blocks once a week.
[[0;32m  OK  [0m] Stopped target System Time Synchronized.
         Stopping Authorization Manager...
         Stopping FUSE filesystem for LXC...
[[0;32m  OK  [0m] Stopped target Cloud-config availability.
         Stopping Deferred execution scheduler...
         Stopping irqbalance daemon...
[[0;32m  OK  [0m] Unmounted /var/lib/lxcfs.
[[0;32m  OK  [0m] Stopped Regular background program processing daemon.
[[0;32m  OK  [0m] Stopped Accounts Service.
[[0;32m  OK  [0m] Stopped irqbalance daemon.
[[0;32m  OK  [0m] Stopped Dispatcher daemon for systemd-networkd.
[[0;32m  OK  [0m] Stopped System Logging Service.
[[0;32m  OK  [0m] Stopped Deferred execution scheduler.
[[0;32m  OK  [0m] Stopped Authorization Manager.
[[0;32m  OK  [0m] Stopped Serial Getty on ttyS0.
[[0;32m  OK  [0m] Stopped Getty on tty1.
[[0;32m  OK  [0m] Stopped OpenBSD Secure Shell server.
[[0;32m  OK  [0m] Stopped User Manager for UID 1000.
[[0;32m  OK  [0m] Stopped Availability of block devices.
[[0;32m  OK  [0m] Stopped D-Bus System Message Bus.
[[0;32m  OK  [0m] Stopped FUSE filesystem for LXC.
[[0;32m  OK  [0m] Stopped Session 4 of user vagrant.
[[0;32m  OK  [0m] Removed slice User Slice of vagrant.
         Stopping Login Service...
[[0;32m  OK  [0m] Removed slice system-getty.slice.
[[0;32m  OK  [0m] Removed slice system-serial\x2dgetty.slice.
[[0;32m  OK  [0m] Stopped target Login Prompts (Pre).
         Stopping Permit User Sessions...
[[0;32m  OK  [0m] Stopped LXD - container startup/shutdown.
[[0;32m  OK  [0m] Stopped LSB: automatic crash report generation.
[[0;32m  OK  [0m] Stopped LSB: Record successful boot for GRUB.
[[0;32m  OK  [0m] Stopped Virtualbox guest utils.
[[0;32m  OK  [0m] Stopped Permit User Sessions.
[[0;32m  OK  [0m] Stopped target Remote File Systems.
         Unmounting /vagrant...
[[0;32m  OK  [0m] Stopped Login Service.
[[0;32m  OK  [0m] Unmounted /vagrant.
[[0;32m  OK  [0m] Stopped target Network is Online.
[[0;32m  OK  [0m] Stopped target Network.
         Stopping Network Name Resolution...
[[0;32m  OK  [0m] Stopped target Remote File Systems (Pre).
[[0;32m  OK  [0m] Stopped target User and Group Name Lookups.
[[0;32m  OK  [0m] Stopped target Basic System.
[[0;32m  OK  [0m] Stopped target Slices.
[[0;32m  OK  [0m] Removed slice User and Session Slice.
[[0;32m  OK  [0m] Stopped target Sockets.
[[0;32m  OK  [0m] Closed Syslog Socket.
[[0;32m  OK  [0m] Closed ACPID Listen Socket.
[[0;32m  OK  [0m] Closed Socket activation for snappy daemon.
[[0;32m  OK  [0m] Closed D-Bus System Message Bus Socket.
[[0;32m  OK  [0m] Closed Open-iSCSI iscsid Socket.
[[0;32m  OK  [0m] Closed LXD - unix socket.
[[0;32m  OK  [0m] Closed UUID daemon activation socket.
[[0;32m  OK  [0m] Closed cloud-init hotplug hook socket.
[[0;32m  OK  [0m] Stopped target Paths.
[[0;32m  OK  [0m] Stopped ACPI Events Check.
[[0;32m  OK  [0m] Stopped target System Initialization.
         Stopping Load/Save Random Seed...
         Stopping Update UTMP about System Boot/Shutdown...
[[0;32m  OK  [0m] Stopped target Local Encrypted Volumes.
[[0;32m  OK  [0m] Stopped Dispatch Password Requests to Console Directory Watch.
[[0;32m  OK  [0m] Stopped Forward Password Requests to Wall Directory Watch.
[[0;32m  OK  [0m] Stopped Commit a transient machine-id on disk.
[[0;32m  OK  [0m] Stopped Initial cloud-init job (metadata service crawler).
[[0;32m  OK  [0m] Stopped Network Name Resolution.
         Stopping Network Service...
[[0;32m  OK  [0m] Stopped Load/Save Random Seed.
[[0;32m  OK  [0m] Stopped Update UTMP about System Boot/Shutdown.
[[0;32m  OK  [0m] Stopped Create Volatile Files and Directories.
[[0;32m  OK  [0m] Stopped target Local File Systems.
[[0;32m  OK  [0m] Stopped target Mounted snaps.
[[0;32m  OK  [0m] Stopped target Mounting snaps.
         Unmounting /run/user/1000...
[[0;32m  OK  [0m] Unmounted /run/user/1000.
[[0;32m  OK  [0m] Reached target Unmount All Filesystems.
[[0;32m  OK  [0m] Stopped target Local File Systems (Pre).
[[0;32m  OK  [0m] Stopped Create Static Device Nodes in /dev.
         Stopping Monitoring of LVM2 mirrors…ng dmeventd or progress polling...
[[0;32m  OK  [0m] Stopped target Swap.
[[0;32m  OK  [0m] Stopped Network Service.
[[0;32m  OK  [0m] Stopped target Network (Pre).
[[0;32m  OK  [0m] Stopped Initial cloud-init job (pre-networking).
[[0;32m  OK  [0m] Stopped Remount Root and Kernel File Systems.
[[0;32m  OK  [0m] Stopped Apply Kernel Variables.
[[0;32m  OK  [0m] Stopped Load Kernel Modules.
[[0;32m  OK  [0m] Reached target Shutdown.
[[0;32m  OK  [0m] Reached target Final Step.
         Starting Power-Off...
[  101.217749] reboot: Power down
